Info : Unable to match requested speed 1000 kHz, using 950 kHz
Info : Unable to match requested speed 1000 kHz, using 950 kHz
Info : clock speed 950 kHz
Info : STLINK v2 JTAG v29 API v2 SWIM v7 VID 0x0483 PID 0x3748
Info : using stlink api v2
Info : Target voltage: 1.008247
Error: target voltage may be too low for reliable debugging
Info : stm32f1x.cpu: hardware has 6 breakpoints, 4 watchpoints
Info : accepting 'gdb' connection from pipe
Info : device id = 0x20036410
Info : flash size = 64kbytes
undefined debug reason 7 - target needs reset
target halted due to debug-request, current mode: Thread 
xPSR: 0x01000000 pc: 0x08001010 msp: 0x20005000
stm32x mass erase complete
target halted due to debug-request, current mode: Thread 
xPSR: 0x01000000 pc: 0xfffffffe msp: 0xfffffffc
** Programming Started **
auto erase enabled
wrote 6144 bytes from file led.elf in 1.958191s (3.064 KiB/s)
** Programming Finished **
** Verify Started **
target halted due to breakpoint, current mode: Thread 
xPSR: 0x61000000 pc: 0x2000002e msp: 0xfffffffc
target halted due to breakpoint, current mode: Thread 
xPSR: 0x61000000 pc: 0x2000002e msp: 0xfffffffc
verified 5712 bytes in 1.047041s (5.328 KiB/s)
** Verified OK **
target halted due to debug-request, current mode: Thread 
xPSR: 0x01000000 pc: 0x08001010 msp: 0x20005000
Info : halted: PC: 0x08000fae
